<?xml version="1.0" encoding="UTF-8"?>
<testng-results ignored="0" total="8" passed="8" failed="0" skipped="0">
  <reporter-output>
  </reporter-output>
  <suite started-at="2025-04-25T23:00:02 IST" name="Default suite" finished-at="2025-04-25T23:01:01 IST" duration-ms="58976">
    <groups>
    </groups>
    <test started-at="2025-04-25T23:00:02 IST" name="Default test" finished-at="2025-04-25T23:01:01 IST" duration-ms="58976">
      <class name="mainproject.Mainproject_test">
        <test-method is-config="true" signature="setup()[pri:0, instance:mainproject.Mainproject_test@3b0090a4]" started-at="2025-04-25T23:00:02 IST" name="setup" finished-at="2025-04-25T23:00:17 IST" duration-ms="14645" status="PASS">
          <reporter-output>
          </reporter-output>
        </test-method> <!-- setup -->
        <test-method signature="loginfunction()[pri:1, instance:mainproject.Mainproject_test@3b0090a4]" started-at="2025-04-25T23:00:17 IST" name="loginfunction" finished-at="2025-04-25T23:00:27 IST" duration-ms="9802" status="PASS">
          <reporter-output>
          </reporter-output>
        </test-method> <!-- loginfunction -->
        <test-method signature="homepagefunction()[pri:2, instance:mainproject.Mainproject_test@3b0090a4]" started-at="2025-04-25T23:00:27 IST" name="homepagefunction" finished-at="2025-04-25T23:00:31 IST" duration-ms="4471" status="PASS">
          <reporter-output>
          </reporter-output>
        </test-method> <!-- homepagefunction -->
        <test-method signature="Productlistpagefunction()[pri:3, instance:mainproject.Mainproject_test@3b0090a4]" started-at="2025-04-25T23:00:31 IST" name="Productlistpagefunction" finished-at="2025-04-25T23:00:33 IST" duration-ms="1464" status="PASS">
          <reporter-output>
          </reporter-output>
        </test-method> <!-- Productlistpagefunction -->
        <test-method signature="Productdetailspagefunction()[pri:4, instance:mainproject.Mainproject_test@3b0090a4]" started-at="2025-04-25T23:00:33 IST" name="Productdetailspagefunction" finished-at="2025-04-25T23:00:33 IST" duration-ms="357" status="PASS">
          <reporter-output>
          </reporter-output>
        </test-method> <!-- Productdetailspagefunction -->
        <test-method signature="Cartpagefunction()[pri:5, instance:mainproject.Mainproject_test@3b0090a4]" started-at="2025-04-25T23:00:33 IST" name="Cartpagefunction" finished-at="2025-04-25T23:00:40 IST" duration-ms="7001" status="PASS">
          <reporter-output>
          </reporter-output>
        </test-method> <!-- Cartpagefunction -->
        <test-method signature="Checkoutpagefunction()[pri:6, instance:mainproject.Mainproject_test@3b0090a4]" started-at="2025-04-25T23:00:40 IST" name="Checkoutpagefunction" finished-at="2025-04-25T23:00:41 IST" duration-ms="1359" status="PASS">
          <reporter-output>
          </reporter-output>
        </test-method> <!-- Checkoutpagefunction -->
        <test-method signature="Paymentpagefunction()[pri:7, instance:mainproject.Mainproject_test@3b0090a4]" started-at="2025-04-25T23:00:41 IST" name="Paymentpagefunction" finished-at="2025-04-25T23:00:42 IST" duration-ms="712" status="PASS">
          <reporter-output>
          </reporter-output>
        </test-method> <!-- Paymentpagefunction -->
        <test-method signature="Confirmationpagefunction()[pri:8, instance:mainproject.Mainproject_test@3b0090a4]" started-at="2025-04-25T23:00:42 IST" name="Confirmationpagefunction" finished-at="2025-04-25T23:00:56 IST" duration-ms="13561" status="PASS">
          <reporter-output>
          </reporter-output>
        </test-method> <!-- Confirmationpagefunction -->
        <test-method is-config="true" signature="teardown()[pri:0, instance:mainproject.Mainproject_test@3b0090a4]" started-at="2025-04-25T23:00:56 IST" name="teardown" finished-at="2025-04-25T23:01:01 IST" duration-ms="5454" status="PASS">
          <reporter-output>
          </reporter-output>
        </test-method> <!-- teardown -->
      </class> <!-- mainproject.Mainproject_test -->
    </test> <!-- Default test -->
  </suite> <!-- Default suite -->
</testng-results>
