<?xml version="1.0" encoding="UTF-8"?>
<testng-results ignored="0" total="8" passed="8" failed="0" skipped="0">
  <reporter-output>
  </reporter-output>
  <suite started-at="2025-05-09T22:23:01 IST" name="Default suite" finished-at="2025-05-09T22:24:29 IST" duration-ms="87994">
    <groups>
    </groups>
    <test started-at="2025-05-09T22:23:01 IST" name="Default test" finished-at="2025-05-09T22:24:29 IST" duration-ms="87994">
      <class name="mainproject.Mainproject_test">
        <test-method is-config="true" signature="setup()[pri:0, instance:mainproject.Mainproject_test@3b0090a4]" started-at="2025-05-09T22:23:01 IST" name="setup" finished-at="2025-05-09T22:23:12 IST" duration-ms="10684" status="PASS">
          <reporter-output>
          </reporter-output>
        </test-method> <!-- setup -->
        <test-method signature="loginfunction()[pri:1, instance:mainproject.Mainproject_test@3b0090a4]" started-at="2025-05-09T22:23:12 IST" name="loginfunction" finished-at="2025-05-09T22:23:36 IST" duration-ms="24113" status="PASS">
          <reporter-output>
          </reporter-output>
        </test-method> <!-- loginfunction -->
        <test-method signature="homepagefunction()[pri:2, instance:mainproject.Mainproject_test@3b0090a4]" started-at="2025-05-09T22:23:36 IST" name="homepagefunction" finished-at="2025-05-09T22:23:42 IST" duration-ms="6130" status="PASS">
          <reporter-output>
          </reporter-output>
        </test-method> <!-- homepagefunction -->
        <test-method signature="Productlistpagefunction()[pri:3, instance:mainproject.Mainproject_test@3b0090a4]" started-at="2025-05-09T22:23:42 IST" name="Productlistpagefunction" finished-at="2025-05-09T22:23:45 IST" duration-ms="2348" status="PASS">
          <reporter-output>
          </reporter-output>
        </test-method> <!-- Productlistpagefunction -->
        <test-method signature="Productdetailspagefunction()[pri:4, instance:mainproject.Mainproject_test@3b0090a4]" started-at="2025-05-09T22:23:45 IST" name="Productdetailspagefunction" finished-at="2025-05-09T22:23:45 IST" duration-ms="299" status="PASS">
          <reporter-output>
          </reporter-output>
        </test-method> <!-- Productdetailspagefunction -->
        <test-method signature="Cartpagefunction()[pri:5, instance:mainproject.Mainproject_test@3b0090a4]" started-at="2025-05-09T22:23:45 IST" name="Cartpagefunction" finished-at="2025-05-09T22:23:50 IST" duration-ms="4506" status="PASS">
          <reporter-output>
          </reporter-output>
        </test-method> <!-- Cartpagefunction -->
        <test-method signature="Checkoutpagefunction()[pri:6, instance:mainproject.Mainproject_test@3b0090a4]" started-at="2025-05-09T22:23:50 IST" name="Checkoutpagefunction" finished-at="2025-05-09T22:23:51 IST" duration-ms="1470" status="PASS">
          <reporter-output>
          </reporter-output>
        </test-method> <!-- Checkoutpagefunction -->
        <test-method signature="Paymentpagefunction()[pri:7, instance:mainproject.Mainproject_test@3b0090a4]" started-at="2025-05-09T22:23:51 IST" name="Paymentpagefunction" finished-at="2025-05-09T22:23:52 IST" duration-ms="875" status="PASS">
          <reporter-output>
          </reporter-output>
        </test-method> <!-- Paymentpagefunction -->
        <test-method signature="Confirmationpagefunction()[pri:8, instance:mainproject.Mainproject_test@3b0090a4]" started-at="2025-05-09T22:23:52 IST" name="Confirmationpagefunction" finished-at="2025-05-09T22:24:24 IST" duration-ms="32091" status="PASS">
          <reporter-output>
          </reporter-output>
        </test-method> <!-- Confirmationpagefunction -->
        <test-method is-config="true" signature="teardown()[pri:0, instance:mainproject.Mainproject_test@3b0090a4]" started-at="2025-05-09T22:24:24 IST" name="teardown" finished-at="2025-05-09T22:24:29 IST" duration-ms="5352" status="PASS">
          <reporter-output>
          </reporter-output>
        </test-method> <!-- teardown -->
      </class> <!-- mainproject.Mainproject_test -->
    </test> <!-- Default test -->
  </suite> <!-- Default suite -->
</testng-results>
